[2019-08-07 10:53:47.864] [exthost] [info] extension host started
[2019-08-07 10:53:47.875] [exthost] [info] ExtensionService#_doActivateExtension vscode.debug-auto-launch {"startup":true,"activationEvent":"*"}
[2019-08-07 10:53:47.875] [exthost] [info] ExtensionService#loadCommonJSModule /snap/code/11/usr/share/code/resources/app/extensions/debug-auto-launch/dist/extension
[2019-08-07 10:53:47.913] [exthost] [info] ExtensionService#_doActivateExtension vscode.emmet {"startup":true,"activationEvent":"*"}
[2019-08-07 10:53:47.913] [exthost] [info] ExtensionService#loadCommonJSModule /snap/code/11/usr/share/code/resources/app/extensions/emmet/dist/extension
[2019-08-07 10:53:48.000] [exthost] [info] ExtensionService#_doActivateExtension vscode.git {"startup":true,"activationEvent":"*"}
[2019-08-07 10:53:48.000] [exthost] [info] ExtensionService#loadCommonJSModule /snap/code/11/usr/share/code/resources/app/extensions/git/dist/main
[2019-08-07 10:53:48.143] [exthost] [info] ExtensionService#_doActivateExtension vscode.merge-conflict {"startup":true,"activationEvent":"*"}
[2019-08-07 10:53:48.143] [exthost] [info] ExtensionService#loadCommonJSModule /snap/code/11/usr/share/code/resources/app/extensions/merge-conflict/dist/extension
[2019-08-07 10:53:48.148] [exthost] [info] eager extensions activated
[2019-08-07 10:54:26.909] [exthost] [info] extension host started
[2019-08-07 10:54:26.935] [exthost] [info] ExtensionService#_doActivateExtension vscode.debug-auto-launch {"startup":true,"activationEvent":"*"}
[2019-08-07 10:54:26.935] [exthost] [info] ExtensionService#loadCommonJSModule /snap/code/11/usr/share/code/resources/app/extensions/debug-auto-launch/dist/extension
[2019-08-07 10:54:26.939] [exthost] [info] ExtensionService#_doActivateExtension vscode.emmet {"startup":true,"activationEvent":"*"}
[2019-08-07 10:54:26.939] [exthost] [info] ExtensionService#loadCommonJSModule /snap/code/11/usr/share/code/resources/app/extensions/emmet/dist/extension
[2019-08-07 10:54:26.952] [exthost] [info] ExtensionService#_doActivateExtension vscode.git {"startup":true,"activationEvent":"*"}
[2019-08-07 10:54:26.952] [exthost] [info] ExtensionService#loadCommonJSModule /snap/code/11/usr/share/code/resources/app/extensions/git/dist/main
[2019-08-07 10:54:27.045] [exthost] [info] ExtensionService#_doActivateExtension vscode.merge-conflict {"startup":true,"activationEvent":"*"}
[2019-08-07 10:54:27.045] [exthost] [info] ExtensionService#loadCommonJSModule /snap/code/11/usr/share/code/resources/app/extensions/merge-conflict/dist/extension
[2019-08-07 10:54:27.050] [exthost] [info] eager extensions activated
[2019-08-07 10:54:58.793] [exthost] [info] ExtensionService#_doActivateExtension vscode.python {"startup":false,"activationEvent":"onLanguage:python"}
[2019-08-07 10:54:58.793] [exthost] [info] ExtensionService#loadCommonJSModule /snap/code/11/usr/share/code/resources/app/extensions/python/out/pythonMain
[2019-08-07 10:54:58.810] [exthost] [info] ExtensionService#_doActivateExtension ms-python.python {"startup":false,"activationEvent":"onLanguage:python"}
[2019-08-07 10:54:58.810] [exthost] [info] ExtensionService#loadCommonJSModule /root/.vscode/extensions/ms-python.python-2019.8.29288/out/client/extension
[2019-08-07 10:59:39.564] [exthost] [info] ExtensionService#_doActivateExtension vscode.configuration-editing {"startup":false,"activationEvent":"onLanguage:jsonc"}
[2019-08-07 10:59:39.564] [exthost] [info] ExtensionService#loadCommonJSModule /snap/code/11/usr/share/code/resources/app/extensions/configuration-editing/dist/extension
[2019-08-07 10:59:39.636] [exthost] [info] ExtensionService#_doActivateExtension vscode.json-language-features {"startup":false,"activationEvent":"onLanguage:jsonc"}
[2019-08-07 10:59:39.636] [exthost] [info] ExtensionService#loadCommonJSModule /snap/code/11/usr/share/code/resources/app/extensions/json-language-features/client/dist/jsonMain
[2019-08-07 10:59:39.782] [exthost] [info] ExtensionService#_doActivateExtension vscode.typescript-language-features {"startup":false,"activationEvent":"onLanguage:jsonc"}
[2019-08-07 10:59:39.782] [exthost] [info] ExtensionService#loadCommonJSModule /snap/code/11/usr/share/code/resources/app/extensions/typescript-language-features/dist/extension
[2019-08-07 11:22:43.365] [exthost] [info] ExtensionService#_doActivateExtension vscode.debug-server-ready {"startup":false,"activationEvent":"onDebugResolve"}
[2019-08-07 11:22:43.365] [exthost] [info] ExtensionService#loadCommonJSModule /snap/code/11/usr/share/code/resources/app/extensions/debug-server-ready/dist/extension
[2019-08-07 11:23:08.384] [exthost] [info] ExtensionService#_doActivateExtension ms-vscode.node-debug2 {"startup":false,"activationEvent":"onDebugInitialConfigurations"}
[2019-08-07 11:23:08.384] [exthost] [info] ExtensionService#loadCommonJSModule /snap/code/11/usr/share/code/resources/app/extensions/ms-vscode.node-debug2/out/src/extension
[2019-08-07 11:23:08.416] [exthost] [info] ExtensionService#_doActivateExtension ms-vscode.node-debug {"startup":false,"activationEvent":"onDebugInitialConfigurations"}
[2019-08-07 11:23:08.416] [exthost] [info] ExtensionService#loadCommonJSModule /snap/code/11/usr/share/code/resources/app/extensions/ms-vscode.node-debug/dist/extension.js
