User belongs to experiment group 'ShowPlayIcon - control'
> conda --version
> pyenv root
> python3.7 -c "import sys;print(sys.executable)"
> python3.6 -c "import sys;print(sys.executable)"
> python3 -c "import sys;print(sys.executable)"
> python2 -c "import sys;print(sys.executable)"
> python -c "import sys;print(sys.executable)"
> python -c "import sys;print(sys.executable)"
> /usr/bin/python ~/.vscode/extensions/ms-python.python-2019.8.29288/pythonFiles/interpreterInfo.py
> /usr/bin/python ~/.vscode/extensions/ms-python.python-2019.8.29288/pythonFiles/interpreterInfo.py
> /usr/bin/python2 ~/.vscode/extensions/ms-python.python-2019.8.29288/pythonFiles/interpreterInfo.py
> /usr/bin/python2 ~/.vscode/extensions/ms-python.python-2019.8.29288/pythonFiles/interpreterInfo.py
> /usr/bin/python2.7 ~/.vscode/extensions/ms-python.python-2019.8.29288/pythonFiles/interpreterInfo.py
> /usr/bin/python2.7 ~/.vscode/extensions/ms-python.python-2019.8.29288/pythonFiles/interpreterInfo.py
> /usr/bin/python3 ~/.vscode/extensions/ms-python.python-2019.8.29288/pythonFiles/interpreterInfo.py
> /usr/bin/python3 ~/.vscode/extensions/ms-python.python-2019.8.29288/pythonFiles/interpreterInfo.py
> /usr/bin/python3.7 ~/.vscode/extensions/ms-python.python-2019.8.29288/pythonFiles/interpreterInfo.py
> /usr/bin/python3.7 ~/.vscode/extensions/ms-python.python-2019.8.29288/pythonFiles/interpreterInfo.py
> /bin/python ~/.vscode/extensions/ms-python.python-2019.8.29288/pythonFiles/interpreterInfo.py
> /bin/python ~/.vscode/extensions/ms-python.python-2019.8.29288/pythonFiles/interpreterInfo.py
> /bin/python2 ~/.vscode/extensions/ms-python.python-2019.8.29288/pythonFiles/interpreterInfo.py
> /bin/python2 ~/.vscode/extensions/ms-python.python-2019.8.29288/pythonFiles/interpreterInfo.py
> /bin/python2.7 ~/.vscode/extensions/ms-python.python-2019.8.29288/pythonFiles/interpreterInfo.py
> /bin/python2.7 ~/.vscode/extensions/ms-python.python-2019.8.29288/pythonFiles/interpreterInfo.py
> /bin/python3 ~/.vscode/extensions/ms-python.python-2019.8.29288/pythonFiles/interpreterInfo.py
> /bin/python3 ~/.vscode/extensions/ms-python.python-2019.8.29288/pythonFiles/interpreterInfo.py
> /bin/python3.7 ~/.vscode/extensions/ms-python.python-2019.8.29288/pythonFiles/interpreterInfo.py
> /bin/python3.7 ~/.vscode/extensions/ms-python.python-2019.8.29288/pythonFiles/interpreterInfo.py
> /usr/local/anaconda3/bin/python ~/.vscode/extensions/ms-python.python-2019.8.29288/pythonFiles/interpreterInfo.py
> /usr/local/anaconda3/bin/python ~/.vscode/extensions/ms-python.python-2019.8.29288/pythonFiles/interpreterInfo.py
> /usr/local/anaconda3/bin/python3.7 ~/.vscode/extensions/ms-python.python-2019.8.29288/pythonFiles/interpreterInfo.py
> /usr/local/anaconda3/bin/python3.7 ~/.vscode/extensions/ms-python.python-2019.8.29288/pythonFiles/interpreterInfo.py
> /usr/local/anaconda3/bin/python3 ~/.vscode/extensions/ms-python.python-2019.8.29288/pythonFiles/interpreterInfo.py
> /usr/local/anaconda3/bin/python3 ~/.vscode/extensions/ms-python.python-2019.8.29288/pythonFiles/interpreterInfo.py
> /usr/bin/python ~/.vscode/extensions/ms-python.python-2019.8.29288/pythonFiles/interpreterInfo.py
> /usr/bin/python ~/.vscode/extensions/ms-python.python-2019.8.29288/pythonFiles/interpreterInfo.py
> /usr/bin/python2 ~/.vscode/extensions/ms-python.python-2019.8.29288/pythonFiles/interpreterInfo.py
> /usr/bin/python2 ~/.vscode/extensions/ms-python.python-2019.8.29288/pythonFiles/interpreterInfo.py
> /usr/bin/python2.7 ~/.vscode/extensions/ms-python.python-2019.8.29288/pythonFiles/interpreterInfo.py
> /usr/bin/python2.7 ~/.vscode/extensions/ms-python.python-2019.8.29288/pythonFiles/interpreterInfo.py
> /usr/bin/python3 ~/.vscode/extensions/ms-python.python-2019.8.29288/pythonFiles/interpreterInfo.py
> /usr/bin/python3 ~/.vscode/extensions/ms-python.python-2019.8.29288/pythonFiles/interpreterInfo.py
> /usr/bin/python3.7 ~/.vscode/extensions/ms-python.python-2019.8.29288/pythonFiles/interpreterInfo.py
> /usr/bin/python3.7 ~/.vscode/extensions/ms-python.python-2019.8.29288/pythonFiles/interpreterInfo.py
> /bin/python ~/.vscode/extensions/ms-python.python-2019.8.29288/pythonFiles/interpreterInfo.py
> /bin/python ~/.vscode/extensions/ms-python.python-2019.8.29288/pythonFiles/interpreterInfo.py
> /bin/python2 ~/.vscode/extensions/ms-python.python-2019.8.29288/pythonFiles/interpreterInfo.py
> /bin/python2 ~/.vscode/extensions/ms-python.python-2019.8.29288/pythonFiles/interpreterInfo.py
> /bin/python2.7 ~/.vscode/extensions/ms-python.python-2019.8.29288/pythonFiles/interpreterInfo.py
> /bin/python2.7 ~/.vscode/extensions/ms-python.python-2019.8.29288/pythonFiles/interpreterInfo.py
> /bin/python3 ~/.vscode/extensions/ms-python.python-2019.8.29288/pythonFiles/interpreterInfo.py
> /bin/python3 ~/.vscode/extensions/ms-python.python-2019.8.29288/pythonFiles/interpreterInfo.py
> /bin/python3.7 ~/.vscode/extensions/ms-python.python-2019.8.29288/pythonFiles/interpreterInfo.py
> /bin/python3.7 ~/.vscode/extensions/ms-python.python-2019.8.29288/pythonFiles/interpreterInfo.py
> python -m pep8 --format=%(row)d,%(col)d,%(code).1s,%(code)s:%(text)s /srv/trackingsite/visitrck/sanic/serv.py
cwd: /srv/trackingsite/visitrck
> python -m pep8 --format=%(row)d,%(col)d,%(code).1s,%(code)s:%(text)s /srv/trackingsite/visitrck/sanic/serv.py
cwd: /srv/trackingsite/visitrck
Starting Jedi Python language engine.
> /usr/local/anaconda3/envs/python36-for-web/bin/python ~/.vscode/extensions/ms-python.python-2019.8.29288/pythonFiles/interpreterInfo.py
> /usr/local/anaconda3/envs/python36-for-web/bin/python ~/.vscode/extensions/ms-python.python-2019.8.29288/pythonFiles/interpreterInfo.py
> /usr/bin/python3 -m pep8 --format=%(row)d,%(col)d,%(code).1s,%(code)s:%(text)s /srv/trackingsite/visitrck/sanic/config.py
cwd: /srv/trackingsite/visitrck
> /usr/bin/python3 -m pep8 --format=%(row)d,%(col)d,%(code).1s,%(code)s:%(text)s /srv/trackingsite/visitrck/sanic/config.py
cwd: /srv/trackingsite/visitrck
> /usr/bin/python3 -c "import pep8"
> /usr/bin/python3 -c "import pep8"
> /usr/bin/python3 -c "import pep8"
> /usr/bin/python3 -c "import pep8"

Linter 'pep8' is not installed. Please install it or select another linter".
Error: Module 'pep8' not installed.
> /usr/bin/python3 -c "import sys;print(sys.prefix)"
cwd: /srv/trackingsite/visitrck
> /usr/bin/python3 -c "import sys;print(sys.prefix)"
cwd: /srv/trackingsite/visitrck
> /usr/bin/python3 -c "import sys;print(sys.executable)"
cwd: /srv/trackingsite/visitrck
> /usr/bin/python3 -c "import sys;print(sys.executable)"
cwd: /srv/trackingsite/visitrck
> /usr/bin/python3 -c "from distutils.sysconfig import get_python_lib; print(get_python_lib())"
cwd: /srv/trackingsite/visitrck
> /usr/bin/python3 -c "from distutils.sysconfig import get_python_lib; print(get_python_lib())"
cwd: /srv/trackingsite/visitrck
> /usr/bin/python3 -m site --user-site
cwd: /srv/trackingsite/visitrck
> /usr/bin/python3 -m site --user-site
cwd: /srv/trackingsite/visitrck
> /usr/bin/python3 completion.py
cwd: ~/.vscode/extensions/ms-python.python-2019.8.29288/pythonFiles
> /usr/bin/python3 completion.py
cwd: ~/.vscode/extensions/ms-python.python-2019.8.29288/pythonFiles
> /usr/bin/python3 -m pep8 --format=%(row)d,%(col)d,%(code).1s,%(code)s:%(text)s /srv/trackingsite/visitrck/sanic/serv.py
cwd: /srv/trackingsite/visitrck
> /usr/bin/python3 -m pep8 --format=%(row)d,%(col)d,%(code).1s,%(code)s:%(text)s /srv/trackingsite/visitrck/sanic/serv.py
cwd: /srv/trackingsite/visitrck
> /usr/bin/python3 -c "import pep8"
> /usr/bin/python3 -c "import pep8"
##########Linting Output - pep8##########
> /usr/bin/python3 -c "import pep8"
> /usr/bin/python3 -c "import pep8"
> /usr/bin/python2 ~/.vscode/extensions/ms-python.python-2019.8.29288/pythonFiles/interpreterInfo.py
> /usr/bin/python2 ~/.vscode/extensions/ms-python.python-2019.8.29288/pythonFiles/interpreterInfo.py
> /usr/bin/python ~/.vscode/extensions/ms-python.python-2019.8.29288/pythonFiles/interpreterInfo.py
> /usr/bin/python ~/.vscode/extensions/ms-python.python-2019.8.29288/pythonFiles/interpreterInfo.py
> /usr/bin/python ~/.vscode/extensions/ms-python.python-2019.8.29288/pythonFiles/interpreterInfo.py
> /usr/bin/python ~/.vscode/extensions/ms-python.python-2019.8.29288/pythonFiles/interpreterInfo.py

Linter 'pep8' is not installed. Please install it or select another linter".
Error: Module 'pep8' not installed.
> conda info --json
> conda info --json
> conda env list
> conda info --json
> /usr/bin/python3 -c "import pip"
> /usr/bin/python3 -c "import pip"
> conda env list
> /usr/bin/python3 -m pep8 --format=%(row)d,%(col)d,%(code).1s,%(code)s:%(text)s /srv/trackingsite/visitrck/sanic/serv.py
cwd: /srv/trackingsite/visitrck
> /usr/bin/python3 -m pep8 --format=%(row)d,%(col)d,%(code).1s,%(code)s:%(text)s /srv/trackingsite/visitrck/sanic/serv.py
cwd: /srv/trackingsite/visitrck
> /usr/bin/python3 -c "import pep8"
> /usr/bin/python3 -c "import pep8"
> /usr/bin/python3 -c "import pep8"
> /usr/bin/python3 -c "import pep8"

Linter 'pep8' is not installed. Please install it or select another linter".
Error: Module 'pep8' not installed.
> /usr/bin/python3 -m flake8 --format=%(row)d,%(col)d,%(code).1s,%(code)s:%(text)s /srv/trackingsite/visitrck/sanic/config.py
cwd: /srv/trackingsite/visitrck
> /usr/bin/python3 -m flake8 --format=%(row)d,%(col)d,%(code).1s,%(code)s:%(text)s /srv/trackingsite/visitrck/sanic/config.py
cwd: /srv/trackingsite/visitrck
> /usr/bin/python3 -m flake8 --format=%(row)d,%(col)d,%(code).1s,%(code)s:%(text)s /srv/trackingsite/visitrck/sanic/serv.py
cwd: /srv/trackingsite/visitrck
> /usr/bin/python3 -m flake8 --format=%(row)d,%(col)d,%(code).1s,%(code)s:%(text)s /srv/trackingsite/visitrck/sanic/serv.py
cwd: /srv/trackingsite/visitrck
> /usr/bin/python3 -c "import flake8"
> /usr/bin/python3 -c "import flake8"
> /usr/bin/python3 -c "import flake8"
> /usr/bin/python3 -c "import flake8"
> /usr/bin/python3 -c "import flake8"
> /usr/bin/python3 -c "import flake8"
> /usr/bin/python3 -c "import flake8"
> /usr/bin/python3 -c "import flake8"

Linter 'flake8' is not installed. Please install it or select another linter".
Error: Module 'flake8' not installed.

Linter 'flake8' is not installed. Please install it or select another linter".
Error: Module 'flake8' not installed.
> /usr/bin/python3 -m pylint --disable=all --enable=F,unreachable,duplicate-key,unnecessary-semicolon,global-variable-not-assigned,unused-variable,unused-wildcard-import,binary-op-exception,bad-format-string,anomalous-backslash-in-string,bad-open-mode,E0001,E0011,E0012,E0100,E0101,E0102,E0103,E0104,E0105,E0107,E0108,E0110,E0111,E0112,E0113,E0114,E0115,E0116,E0117,E0118,E0202,E0203,E0211,E0213,E0236,E0237,E0238,E0239,E0240,E0241,E0301,E0302,E0303,E0401,E0402,E0601,E0602,E0603,E0604,E0611,E0632,E0633,E0701,E0702,E0703,E0704,E0710,E0711,E0712,E1003,E1101,E1102,E1111,E1120,E1121,E1123,E1124,E1125,E1126,E1127,E1128,E1129,E1130,E1131,E1132,E1133,E1134,E1135,E1136,E1137,E1138,E1139,E1200,E1201,E1205,E1206,E1300,E1301,E1302,E1303,E1304,E1305,E1306,E1310,E1700,E1701 --msg-template='{line},{column},{category},{symbol}:{msg}' --reports=n --output-format=text /srv/trackingsite/visitrck/sanic/serv.py
cwd: /srv/trackingsite/visitrck
> /usr/bin/python3 -m pylint --disable=all --enable=F,unreachable,duplicate-key,unnecessary-semicolon,global-variable-not-assigned,unused-variable,unused-wildcard-import,binary-op-exception,bad-format-string,anomalous-backslash-in-string,bad-open-mode,E0001,E0011,E0012,E0100,E0101,E0102,E0103,E0104,E0105,E0107,E0108,E0110,E0111,E0112,E0113,E0114,E0115,E0116,E0117,E0118,E0202,E0203,E0211,E0213,E0236,E0237,E0238,E0239,E0240,E0241,E0301,E0302,E0303,E0401,E0402,E0601,E0602,E0603,E0604,E0611,E0632,E0633,E0701,E0702,E0703,E0704,E0710,E0711,E0712,E1003,E1101,E1102,E1111,E1120,E1121,E1123,E1124,E1125,E1126,E1127,E1128,E1129,E1130,E1131,E1132,E1133,E1134,E1135,E1136,E1137,E1138,E1139,E1200,E1201,E1205,E1206,E1300,E1301,E1302,E1303,E1304,E1305,E1306,E1310,E1700,E1701 --msg-template='{line},{column},{category},{symbol}:{msg}' --reports=n --output-format=text /srv/trackingsite/visitrck/sanic/serv.py
cwd: /srv/trackingsite/visitrck
> /usr/bin/python3 -m pylint --disable=all --enable=F,unreachable,duplicate-key,unnecessary-semicolon,global-variable-not-assigned,unused-variable,unused-wildcard-import,binary-op-exception,bad-format-string,anomalous-backslash-in-string,bad-open-mode,E0001,E0011,E0012,E0100,E0101,E0102,E0103,E0104,E0105,E0107,E0108,E0110,E0111,E0112,E0113,E0114,E0115,E0116,E0117,E0118,E0202,E0203,E0211,E0213,E0236,E0237,E0238,E0239,E0240,E0241,E0301,E0302,E0303,E0401,E0402,E0601,E0602,E0603,E0604,E0611,E0632,E0633,E0701,E0702,E0703,E0704,E0710,E0711,E0712,E1003,E1101,E1102,E1111,E1120,E1121,E1123,E1124,E1125,E1126,E1127,E1128,E1129,E1130,E1131,E1132,E1133,E1134,E1135,E1136,E1137,E1138,E1139,E1200,E1201,E1205,E1206,E1300,E1301,E1302,E1303,E1304,E1305,E1306,E1310,E1700,E1701 --msg-template='{line},{column},{category},{symbol}:{msg}' --reports=n --output-format=text /srv/trackingsite/visitrck/sanic/config.py
cwd: /srv/trackingsite/visitrck
> /usr/bin/python3 -m pylint --disable=all --enable=F,unreachable,duplicate-key,unnecessary-semicolon,global-variable-not-assigned,unused-variable,unused-wildcard-import,binary-op-exception,bad-format-string,anomalous-backslash-in-string,bad-open-mode,E0001,E0011,E0012,E0100,E0101,E0102,E0103,E0104,E0105,E0107,E0108,E0110,E0111,E0112,E0113,E0114,E0115,E0116,E0117,E0118,E0202,E0203,E0211,E0213,E0236,E0237,E0238,E0239,E0240,E0241,E0301,E0302,E0303,E0401,E0402,E0601,E0602,E0603,E0604,E0611,E0632,E0633,E0701,E0702,E0703,E0704,E0710,E0711,E0712,E1003,E1101,E1102,E1111,E1120,E1121,E1123,E1124,E1125,E1126,E1127,E1128,E1129,E1130,E1131,E1132,E1133,E1134,E1135,E1136,E1137,E1138,E1139,E1200,E1201,E1205,E1206,E1300,E1301,E1302,E1303,E1304,E1305,E1306,E1310,E1700,E1701 --msg-template='{line},{column},{category},{symbol}:{msg}' --reports=n --output-format=text /srv/trackingsite/visitrck/sanic/config.py
cwd: /srv/trackingsite/visitrck
> /usr/bin/python3 -c "import pylint"
> /usr/bin/python3 -c "import pylint"
> /usr/bin/python3 -c "import pylint"
> /usr/bin/python3 -c "import pylint"
> /usr/bin/python3 -c "import pylint"
> /usr/bin/python3 -c "import pylint"
> /usr/bin/python3 -c "import pylint"
> /usr/bin/python3 -c "import pylint"

Linter 'pylint' is not installed. Please install it or select another linter".
Error: Module 'pylint' not installed.

Linter 'pylint' is not installed. Please install it or select another linter".
Error: Module 'pylint' not installed.
> /usr/bin/python3 -m bandit -f custom --msg-template {line},0,{severity},{test_id}:{msg} -n -1 /srv/trackingsite/visitrck/sanic/config.py
cwd: /srv/trackingsite/visitrck
> /usr/bin/python3 -m bandit -f custom --msg-template {line},0,{severity},{test_id}:{msg} -n -1 /srv/trackingsite/visitrck/sanic/config.py
cwd: /srv/trackingsite/visitrck
> /usr/bin/python3 -m bandit -f custom --msg-template {line},0,{severity},{test_id}:{msg} -n -1 /srv/trackingsite/visitrck/sanic/serv.py
cwd: /srv/trackingsite/visitrck
> /usr/bin/python3 -m bandit -f custom --msg-template {line},0,{severity},{test_id}:{msg} -n -1 /srv/trackingsite/visitrck/sanic/serv.py
cwd: /srv/trackingsite/visitrck
> /usr/bin/python3 -c "import bandit"
> /usr/bin/python3 -c "import bandit"
> /usr/bin/python3 -c "import bandit"
> /usr/bin/python3 -c "import bandit"
> /usr/bin/python3 -c "import bandit"
> /usr/bin/python3 -c "import bandit"
> /usr/bin/python3 -c "import bandit"
> /usr/bin/python3 -c "import bandit"

Linter 'bandit' is not installed. Please install it or select another linter".
Error: Module 'bandit' not installed.

Linter 'bandit' is not installed. Please install it or select another linter".
Error: Module 'bandit' not installed.
> /usr/bin/python3 -m bandit -f custom --msg-template {line},0,{severity},{test_id}:{msg} -n -1 /srv/trackingsite/visitrck/sanic/serv.py
cwd: /srv/trackingsite/visitrck
> /usr/bin/python3 -m bandit -f custom --msg-template {line},0,{severity},{test_id}:{msg} -n -1 /srv/trackingsite/visitrck/sanic/serv.py
cwd: /srv/trackingsite/visitrck
> /usr/bin/python3 -c "import bandit"
> /usr/bin/python3 -c "import bandit"
> /usr/bin/python3 -c "import bandit"
> /usr/bin/python3 -c "import bandit"

Linter 'bandit' is not installed. Please install it or select another linter".
Error: Module 'bandit' not installed.
> /usr/bin/python3 -m bandit -f custom --msg-template {line},0,{severity},{test_id}:{msg} -n -1 /srv/trackingsite/visitrck/sanic/serv.py
cwd: /srv/trackingsite/visitrck
> /usr/bin/python3 -m bandit -f custom --msg-template {line},0,{severity},{test_id}:{msg} -n -1 /srv/trackingsite/visitrck/sanic/serv.py
cwd: /srv/trackingsite/visitrck
> /usr/bin/python3 -c "import bandit"
> /usr/bin/python3 -c "import bandit"
> /usr/bin/python3 -c "import bandit"
> /usr/bin/python3 -c "import bandit"

Linter 'bandit' is not installed. Please install it or select another linter".
Error: Module 'bandit' not installed.
> /usr/bin/python3 -m bandit -f custom --msg-template {line},0,{severity},{test_id}:{msg} -n -1 /srv/trackingsite/visitrck/sanic/utils/utils.py
cwd: /srv/trackingsite/visitrck
> /usr/bin/python3 -m bandit -f custom --msg-template {line},0,{severity},{test_id}:{msg} -n -1 /srv/trackingsite/visitrck/sanic/utils/utils.py
cwd: /srv/trackingsite/visitrck
> /usr/bin/python3 -c "import bandit"
> /usr/bin/python3 -c "import bandit"
> /usr/bin/python3 -c "import bandit"
> /usr/bin/python3 -c "import bandit"

Linter 'bandit' is not installed. Please install it or select another linter".
Error: Module 'bandit' not installed.
> /usr/local/anaconda3/envs/python36-for-web/bin/python3.6 ~/.vscode/extensions/ms-python.python-2019.8.29288/pythonFiles/interpreterInfo.py
> /usr/local/anaconda3/envs/python36-for-web/bin/python3.6 ~/.vscode/extensions/ms-python.python-2019.8.29288/pythonFiles/interpreterInfo.py
