[2019-08-06 09:46:58.229] [exthost] [info] extension host started
[2019-08-06 09:46:58.240] [exthost] [info] ExtensionService#_doActivateExtension vscode.debug-auto-launch {"startup":true,"activationEvent":"*"}
[2019-08-06 09:46:58.240] [exthost] [info] ExtensionService#loadCommonJSModule /snap/code/11/usr/share/code/resources/app/extensions/debug-auto-launch/dist/extension
[2019-08-06 09:46:58.243] [exthost] [info] ExtensionService#_doActivateExtension vscode.emmet {"startup":true,"activationEvent":"*"}
[2019-08-06 09:46:58.243] [exthost] [info] ExtensionService#loadCommonJSModule /snap/code/11/usr/share/code/resources/app/extensions/emmet/dist/extension
[2019-08-06 09:46:58.255] [exthost] [info] ExtensionService#_doActivateExtension vscode.git {"startup":true,"activationEvent":"*"}
[2019-08-06 09:46:58.255] [exthost] [info] ExtensionService#loadCommonJSModule /snap/code/11/usr/share/code/resources/app/extensions/git/dist/main
[2019-08-06 09:46:58.328] [exthost] [info] ExtensionService#_doActivateExtension vscode.merge-conflict {"startup":true,"activationEvent":"*"}
[2019-08-06 09:46:58.328] [exthost] [info] ExtensionService#loadCommonJSModule /snap/code/11/usr/share/code/resources/app/extensions/merge-conflict/dist/extension
[2019-08-06 09:46:58.333] [exthost] [info] eager extensions activated
[2019-08-06 09:47:52.124] [exthost] [info] extension host started
[2019-08-06 09:47:52.135] [exthost] [info] ExtensionService#_doActivateExtension vscode.debug-auto-launch {"startup":true,"activationEvent":"*"}
[2019-08-06 09:47:52.135] [exthost] [info] ExtensionService#loadCommonJSModule /snap/code/11/usr/share/code/resources/app/extensions/debug-auto-launch/dist/extension
[2019-08-06 09:47:52.138] [exthost] [info] ExtensionService#_doActivateExtension vscode.emmet {"startup":true,"activationEvent":"*"}
[2019-08-06 09:47:52.138] [exthost] [info] ExtensionService#loadCommonJSModule /snap/code/11/usr/share/code/resources/app/extensions/emmet/dist/extension
[2019-08-06 09:47:52.150] [exthost] [info] ExtensionService#_doActivateExtension vscode.git {"startup":true,"activationEvent":"*"}
[2019-08-06 09:47:52.150] [exthost] [info] ExtensionService#loadCommonJSModule /snap/code/11/usr/share/code/resources/app/extensions/git/dist/main
[2019-08-06 09:47:52.226] [exthost] [info] ExtensionService#_doActivateExtension vscode.merge-conflict {"startup":true,"activationEvent":"*"}
[2019-08-06 09:47:52.226] [exthost] [info] ExtensionService#loadCommonJSModule /snap/code/11/usr/share/code/resources/app/extensions/merge-conflict/dist/extension
[2019-08-06 09:47:52.234] [exthost] [info] eager extensions activated
[2019-08-06 09:47:59.799] [exthost] [info] ExtensionService#_doActivateExtension vscode.configuration-editing {"startup":false,"activationEvent":"onLanguage:jsonc"}
[2019-08-06 09:47:59.799] [exthost] [info] ExtensionService#loadCommonJSModule /snap/code/11/usr/share/code/resources/app/extensions/configuration-editing/dist/extension
[2019-08-06 09:47:59.809] [exthost] [info] ExtensionService#_doActivateExtension vscode.json-language-features {"startup":false,"activationEvent":"onLanguage:jsonc"}
[2019-08-06 09:47:59.809] [exthost] [info] ExtensionService#loadCommonJSModule /snap/code/11/usr/share/code/resources/app/extensions/json-language-features/client/dist/jsonMain
[2019-08-06 09:47:59.950] [exthost] [info] ExtensionService#_doActivateExtension vscode.typescript-language-features {"startup":false,"activationEvent":"onLanguage:jsonc"}
[2019-08-06 09:47:59.950] [exthost] [info] ExtensionService#loadCommonJSModule /snap/code/11/usr/share/code/resources/app/extensions/typescript-language-features/dist/extension
[2019-08-06 09:48:39.490] [exthost] [info] ExtensionService#_doActivateExtension vscode.extension-editing {"startup":false,"activationEvent":"onLanguage:json"}
[2019-08-06 09:48:39.490] [exthost] [info] ExtensionService#loadCommonJSModule /snap/code/11/usr/share/code/resources/app/extensions/extension-editing/dist/extension
[2019-08-06 09:48:39.578] [exthost] [info] ExtensionService#_doActivateExtension vscode.npm {"startup":false,"activationEvent":"onLanguage:json"}
[2019-08-06 09:48:39.578] [exthost] [info] ExtensionService#loadCommonJSModule /snap/code/11/usr/share/code/resources/app/extensions/npm/dist/main
[2019-08-06 09:49:30.564] [exthost] [info] ExtensionService#_doActivateExtension vscode.python {"startup":false,"activationEvent":"onLanguage:python"}
[2019-08-06 09:49:30.564] [exthost] [info] ExtensionService#loadCommonJSModule /snap/code/11/usr/share/code/resources/app/extensions/python/out/pythonMain
[2019-08-06 09:49:41.649] [exthost] [info] ExtensionService#_doActivateExtension ms-python.python {"startup":false,"activationEvent":"onLanguage:python"}
[2019-08-06 09:49:41.649] [exthost] [info] ExtensionService#loadCommonJSModule /root/.vscode/extensions/ms-python.python-2019.6.24221/out/client/extension
[2019-08-06 09:50:30.254] [exthost] [info] ExtensionService#_doActivateExtension vscode.grunt {"startup":false,"activationEvent":"onCommand:workbench.action.tasks.runTask"}
[2019-08-06 09:50:30.254] [exthost] [info] ExtensionService#loadCommonJSModule /snap/code/11/usr/share/code/resources/app/extensions/grunt/dist/main
[2019-08-06 09:50:30.260] [exthost] [info] ExtensionService#_doActivateExtension vscode.gulp {"startup":false,"activationEvent":"onCommand:workbench.action.tasks.runTask"}
[2019-08-06 09:50:30.260] [exthost] [info] ExtensionService#loadCommonJSModule /snap/code/11/usr/share/code/resources/app/extensions/gulp/dist/main
[2019-08-06 09:50:30.265] [exthost] [info] ExtensionService#_doActivateExtension vscode.jake {"startup":false,"activationEvent":"onCommand:workbench.action.tasks.runTask"}
[2019-08-06 09:50:30.265] [exthost] [info] ExtensionService#loadCommonJSModule /snap/code/11/usr/share/code/resources/app/extensions/jake/dist/main
