[2019-08-06 11:26:52.319] [exthost] [info] extension host started
[2019-08-06 11:26:52.332] [exthost] [info] ExtensionService#_doActivateExtension vscode.debug-auto-launch {"startup":true,"activationEvent":"*"}
[2019-08-06 11:26:52.332] [exthost] [info] ExtensionService#loadCommonJSModule /snap/code/11/usr/share/code/resources/app/extensions/debug-auto-launch/dist/extension
[2019-08-06 11:26:52.439] [exthost] [info] ExtensionService#_doActivateExtension vscode.emmet {"startup":true,"activationEvent":"*"}
[2019-08-06 11:26:52.439] [exthost] [info] ExtensionService#loadCommonJSModule /snap/code/11/usr/share/code/resources/app/extensions/emmet/dist/extension
[2019-08-06 11:26:52.544] [exthost] [info] ExtensionService#_doActivateExtension vscode.git {"startup":true,"activationEvent":"*"}
[2019-08-06 11:26:52.544] [exthost] [info] ExtensionService#loadCommonJSModule /snap/code/11/usr/share/code/resources/app/extensions/git/dist/main
[2019-08-06 11:26:53.125] [exthost] [info] ExtensionService#_doActivateExtension vscode.merge-conflict {"startup":true,"activationEvent":"*"}
[2019-08-06 11:26:53.125] [exthost] [info] ExtensionService#loadCommonJSModule /snap/code/11/usr/share/code/resources/app/extensions/merge-conflict/dist/extension
[2019-08-06 11:26:53.310] [exthost] [info] eager extensions activated
[2019-08-06 11:27:07.414] [exthost] [info] extension host started
[2019-08-06 11:27:07.435] [exthost] [info] ExtensionService#_doActivateExtension vscode.python {"startup":false,"activationEvent":"onLanguage:python"}
[2019-08-06 11:27:07.435] [exthost] [info] ExtensionService#loadCommonJSModule /snap/code/11/usr/share/code/resources/app/extensions/python/out/pythonMain
[2019-08-06 11:27:07.436] [exthost] [info] ExtensionService#_doActivateExtension ms-python.python {"startup":false,"activationEvent":"onLanguage:python"}
[2019-08-06 11:27:07.436] [exthost] [info] ExtensionService#loadCommonJSModule /root/.vscode/extensions/ms-python.python-2019.6.24221/out/client/extension
[2019-08-06 11:27:07.991] [exthost] [info] ExtensionService#_doActivateExtension vscode.debug-auto-launch {"startup":true,"activationEvent":"*"}
[2019-08-06 11:27:07.991] [exthost] [info] ExtensionService#loadCommonJSModule /snap/code/11/usr/share/code/resources/app/extensions/debug-auto-launch/dist/extension
[2019-08-06 11:27:07.994] [exthost] [info] ExtensionService#_doActivateExtension vscode.emmet {"startup":true,"activationEvent":"*"}
[2019-08-06 11:27:07.994] [exthost] [info] ExtensionService#loadCommonJSModule /snap/code/11/usr/share/code/resources/app/extensions/emmet/dist/extension
[2019-08-06 11:27:08.012] [exthost] [info] ExtensionService#_doActivateExtension vscode.git {"startup":true,"activationEvent":"*"}
[2019-08-06 11:27:08.012] [exthost] [info] ExtensionService#loadCommonJSModule /snap/code/11/usr/share/code/resources/app/extensions/git/dist/main
[2019-08-06 11:27:08.093] [exthost] [info] ExtensionService#_doActivateExtension vscode.merge-conflict {"startup":true,"activationEvent":"*"}
[2019-08-06 11:27:08.093] [exthost] [info] ExtensionService#loadCommonJSModule /snap/code/11/usr/share/code/resources/app/extensions/merge-conflict/dist/extension
[2019-08-06 11:27:08.098] [exthost] [info] eager extensions activated
